0 info it worked if it ends with ok
1 verbose cli [ 'C:\\Program Files\\nodejs\\node.exe',
1 verbose cli   'C:\\Program Files\\nodejs\\node_modules\\npm\\bin\\npm-cli.js',
1 verbose cli   'install' ]
2 info using npm@2.15.1
3 info using node@v4.4.3
4 verbose readDependencies loading dependencies from E:\NetJoint-UI\package.json
5 verbose install where, deps [ 'E:\\NetJoint-UI',
5 verbose install   [ 'requirejs',
5 verbose install     'gulp',
5 verbose install     'gulp-autoprefixer',
5 verbose install     'gulp-clean-css',
5 verbose install     'gulp-concat',
5 verbose install     'gulp-rename',
5 verbose install     'gulp-sass',
5 verbose install     'gulp-sourcemaps',
5 verbose install     'gulp-uglify',
5 verbose install     'amd-optimize',
5 verbose install     'jquery',
5 verbose install     'select2',
5 verbose install     'x-editable' ] ]
6 verbose install where, peers [ 'E:\\NetJoint-UI', [] ]
7 verbose installManyTop reading for lifecycle E:\NetJoint-UI\package.json
8 info preinstall netjoint-ui@0.1.0
9 verbose installManyTop reading scoped package data from E:\NetJoint-UI\node_modules\amd-optimize\package.json
10 verbose installManyTop reading scoped package data from E:\NetJoint-UI\node_modules\angular\package.json
11 verbose installManyTop reading scoped package data from E:\NetJoint-UI\node_modules\angular-ui-router\package.json
12 verbose installManyTop reading scoped package data from E:\NetJoint-UI\node_modules\bootstrap-sass\package.json
13 verbose installManyTop reading scoped package data from E:\NetJoint-UI\node_modules\font-awesome\package.json
14 verbose installManyTop reading scoped package data from E:\NetJoint-UI\node_modules\gulp\package.json
15 verbose installManyTop reading scoped package data from E:\NetJoint-UI\node_modules\gulp-autoprefixer\package.json
16 verbose installManyTop reading scoped package data from E:\NetJoint-UI\node_modules\gulp-clean-css\package.json
17 verbose installManyTop reading scoped package data from E:\NetJoint-UI\node_modules\gulp-concat\package.json
18 verbose installManyTop reading scoped package data from E:\NetJoint-UI\node_modules\gulp-rename\package.json
19 verbose installManyTop reading scoped package data from E:\NetJoint-UI\node_modules\gulp-requirejs\package.json
20 verbose installManyTop reading scoped package data from E:\NetJoint-UI\node_modules\gulp-sass\package.json
21 verbose installManyTop reading scoped package data from E:\NetJoint-UI\node_modules\gulp-sourcemaps\package.json
22 verbose installManyTop reading scoped package data from E:\NetJoint-UI\node_modules\gulp-uglify\package.json
23 verbose installManyTop reading scoped package data from E:\NetJoint-UI\node_modules\jquery\package.json
24 verbose installManyTop reading scoped package data from E:\NetJoint-UI\node_modules\requirejs\package.json
25 verbose installManyTop reading scoped package data from E:\NetJoint-UI\node_modules\select2\package.json
26 info package.json gulp-rename@1.2.2 No license field.
27 info package.json gulp-requirejs@0.1.3 No license field.
28 verbose readDependencies loading dependencies from E:\NetJoint-UI\package.json
29 verbose targetResolver reading package data from E:\NetJoint-UI\node_modules\amd-optimize\package.json
30 verbose targetResolver reading package data from E:\NetJoint-UI\node_modules\angular\package.json
31 verbose targetResolver reading package data from E:\NetJoint-UI\node_modules\angular-ui-router\package.json
32 verbose targetResolver reading package data from E:\NetJoint-UI\node_modules\bootstrap-sass\package.json
33 verbose targetResolver reading package data from E:\NetJoint-UI\node_modules\font-awesome\package.json
34 verbose targetResolver reading package data from E:\NetJoint-UI\node_modules\gulp\package.json
35 verbose targetResolver reading package data from E:\NetJoint-UI\node_modules\gulp-autoprefixer\package.json
36 verbose targetResolver reading package data from E:\NetJoint-UI\node_modules\gulp-clean-css\package.json
37 verbose targetResolver reading package data from E:\NetJoint-UI\node_modules\gulp-concat\package.json
38 verbose targetResolver reading package data from E:\NetJoint-UI\node_modules\gulp-rename\package.json
39 verbose targetResolver reading package data from E:\NetJoint-UI\node_modules\gulp-requirejs\package.json
40 verbose targetResolver reading package data from E:\NetJoint-UI\node_modules\gulp-sass\package.json
41 verbose targetResolver reading package data from E:\NetJoint-UI\node_modules\gulp-sourcemaps\package.json
42 verbose targetResolver reading package data from E:\NetJoint-UI\node_modules\gulp-uglify\package.json
43 verbose targetResolver reading package data from E:\NetJoint-UI\node_modules\jquery\package.json
44 verbose targetResolver reading package data from E:\NetJoint-UI\node_modules\requirejs\package.json
45 verbose targetResolver reading package data from E:\NetJoint-UI\node_modules\select2\package.json
46 verbose targetResolver reading package data from E:\NetJoint-UI\node_modules\.bin\gulp\package.json
47 verbose targetResolver reading package data from E:\NetJoint-UI\node_modules\.bin\gulp.cmd\package.json
48 verbose targetResolver reading package data from E:\NetJoint-UI\node_modules\.bin\r.js\package.json
49 verbose targetResolver reading package data from E:\NetJoint-UI\node_modules\.bin\r.js.cmd\package.json
50 verbose targetResolver reading package data from E:\NetJoint-UI\node_modules\.bin\r_js\package.json
51 verbose targetResolver reading package data from E:\NetJoint-UI\node_modules\.bin\r_js.cmd\package.json
52 verbose already installed skipping jquery@^1.12.3 E:\NetJoint-UI
53 verbose already installed skipping select2@^4.0.2 E:\NetJoint-UI
54 silly cache add args [ 'x-editable@^1.5.1', null ]
55 verbose cache add spec x-editable@^1.5.1
56 silly cache add parsed spec Result {
56 silly cache add   raw: 'x-editable@^1.5.1',
56 silly cache add   scope: null,
56 silly cache add   name: 'x-editable',
56 silly cache add   rawSpec: '^1.5.1',
56 silly cache add   spec: '>=1.5.1 <2.0.0',
56 silly cache add   type: 'range' }
57 silly addNamed x-editable@>=1.5.1 <2.0.0
58 verbose addNamed ">=1.5.1 <2.0.0" is a valid semver range for x-editable
59 silly addNameRange { name: 'x-editable', range: '>=1.5.1 <2.0.0', hasData: false }
60 silly mapToRegistry name x-editable
61 silly mapToRegistry using default registry
62 silly mapToRegistry registry https://registry.npmjs.org/
63 silly mapToRegistry data Result {
63 silly mapToRegistry   raw: 'x-editable',
63 silly mapToRegistry   scope: null,
63 silly mapToRegistry   name: 'x-editable',
63 silly mapToRegistry   rawSpec: '',
63 silly mapToRegistry   spec: 'latest',
63 silly mapToRegistry   type: 'tag' }
64 silly mapToRegistry uri https://registry.npmjs.org/x-editable
65 verbose addNameRange registry:https://registry.npmjs.org/x-editable not in flight; fetching
66 verbose already installed skipping requirejs@^2.2.0 E:\NetJoint-UI
67 verbose already installed skipping gulp@^3.9.1 E:\NetJoint-UI
68 verbose already installed skipping gulp-autoprefixer@* E:\NetJoint-UI
69 verbose already installed skipping gulp-clean-css@* E:\NetJoint-UI
70 verbose already installed skipping gulp-concat@* E:\NetJoint-UI
71 verbose already installed skipping gulp-rename@* E:\NetJoint-UI
72 verbose already installed skipping gulp-sass@* E:\NetJoint-UI
73 verbose already installed skipping gulp-sourcemaps@* E:\NetJoint-UI
74 verbose already installed skipping gulp-uglify@* E:\NetJoint-UI
75 verbose already installed skipping amd-optimize@* E:\NetJoint-UI
76 verbose request uri https://registry.npmjs.org/x-editable
77 verbose request no auth needed
78 info attempt registry request try #1 at 17:26:31
79 verbose request id e5099df0b8b2f0a3
80 http request GET https://registry.npmjs.org/x-editable
81 http 200 https://registry.npmjs.org/x-editable
82 verbose headers { server: 'CouchDB/1.5.0 (Erlang OTP/R16B03)',
82 verbose headers   etag: '"AT8FHL21UDUL2ODHXT71ZT6ZZ"',
82 verbose headers   'content-type': 'application/json',
82 verbose headers   'content-encoding': 'gzip',
82 verbose headers   'cache-control': 'max-age=300',
82 verbose headers   'content-length': '2199',
82 verbose headers   'accept-ranges': 'bytes',
82 verbose headers   date: 'Tue, 24 May 2016 09:26:34 GMT',
82 verbose headers   via: '1.1 varnish',
82 verbose headers   age: '0',
82 verbose headers   connection: 'keep-alive',
82 verbose headers   'x-served-by': 'cache-ams4131-AMS',
82 verbose headers   'x-cache': 'MISS',
82 verbose headers   'x-cache-hits': '0',
82 verbose headers   'x-timer': 'S1464081994.742379,VS0,VE102',
82 verbose headers   vary: 'Accept-Encoding' }
83 silly get cb [ 200,
83 silly get   { server: 'CouchDB/1.5.0 (Erlang OTP/R16B03)',
83 silly get     etag: '"AT8FHL21UDUL2ODHXT71ZT6ZZ"',
83 silly get     'content-type': 'application/json',
83 silly get     'content-encoding': 'gzip',
83 silly get     'cache-control': 'max-age=300',
83 silly get     'content-length': '2199',
83 silly get     'accept-ranges': 'bytes',
83 silly get     date: 'Tue, 24 May 2016 09:26:34 GMT',
83 silly get     via: '1.1 varnish',
83 silly get     age: '0',
83 silly get     connection: 'keep-alive',
83 silly get     'x-served-by': 'cache-ams4131-AMS',
83 silly get     'x-cache': 'MISS',
83 silly get     'x-cache-hits': '0',
83 silly get     'x-timer': 'S1464081994.742379,VS0,VE102',
83 silly get     vary: 'Accept-Encoding' } ]
84 verbose get saving x-editable to C:\Users\Administrator\AppData\Roaming\npm-cache\registry.npmjs.org\x-editable\.cache.json
85 verbose correctMkdir C:\Users\Administrator\AppData\Roaming\npm-cache correctMkdir not in flight; initializing
86 silly addNameRange number 2 { name: 'x-editable', range: '>=1.5.1 <2.0.0', hasData: true }
87 silly addNameRange versions [ 'x-editable', [ '1.5.1' ] ]
88 silly addNamed x-editable@1.5.1
89 verbose addNamed "1.5.1" is a plain semver version for x-editable
90 silly mapToRegistry name x-editable
91 silly mapToRegistry using default registry
92 silly mapToRegistry registry https://registry.npmjs.org/
93 silly mapToRegistry data Result {
93 silly mapToRegistry   raw: 'x-editable',
93 silly mapToRegistry   scope: null,
93 silly mapToRegistry   name: 'x-editable',
93 silly mapToRegistry   rawSpec: '',
93 silly mapToRegistry   spec: 'latest',
93 silly mapToRegistry   type: 'tag' }
94 silly mapToRegistry uri https://registry.npmjs.org/x-editable
95 verbose addRemoteTarball https://registry.npmjs.org/x-editable/-/x-editable-1.5.1.tgz not in flight; adding
96 verbose addRemoteTarball [ 'https://registry.npmjs.org/x-editable/-/x-editable-1.5.1.tgz',
96 verbose addRemoteTarball   '2edbb8911ef2c5d61f63f06b0cf020be0fcc5849' ]
97 info retry fetch attempt 1 at 17:26:33
98 info attempt registry request try #1 at 17:26:33
99 http fetch GET https://registry.npmjs.org/x-editable/-/x-editable-1.5.1.tgz
100 http fetch 200 https://registry.npmjs.org/x-editable/-/x-editable-1.5.1.tgz
101 info retry will retry, error on last attempt: Error: read ECONNRESET
102 info retry will retry, error on last attempt: Error: read ECONNRESET
103 silly fetchAndShaCheck shasum 2edbb8911ef2c5d61f63f06b0cf020be0fcc5849
104 verbose stack Error: shasum check failed for C:\Users\ADMINI~1\AppData\Local\Temp\npm-6480-fb686012\registry.npmjs.org\x-editable\-\x-editable-1.5.1.tgz
104 verbose stack Expected: 2edbb8911ef2c5d61f63f06b0cf020be0fcc5849
104 verbose stack Actual:   99eadaf58d4bf17b8acb7900aba6466fee633f93
104 verbose stack From:     https://registry.npmjs.org/x-editable/-/x-editable-1.5.1.tgz
104 verbose stack     at C:\Program Files\nodejs\node_modules\npm\node_modules\sha\index.js:25:8
104 verbose stack     at ReadStream.<anonymous> (C:\Program Files\nodejs\node_modules\npm\node_modules\sha\index.js:72:7)
104 verbose stack     at emitNone (events.js:72:20)
104 verbose stack     at ReadStream.emit (events.js:166:7)
104 verbose stack     at endReadableNT (_stream_readable.js:913:12)
104 verbose stack     at nextTickCallbackWith2Args (node.js:442:9)
104 verbose stack     at process._tickCallback (node.js:356:17)
105 verbose cwd E:\NetJoint-UI
106 error Windows_NT 6.1.7601
107 error argv "C:\\Program Files\\nodejs\\node.exe" "C:\\Program Files\\nodejs\\node_modules\\npm\\bin\\npm-cli.js" "install"
108 error node v4.4.3
109 error npm  v2.15.1
110 error shasum check failed for C:\Users\ADMINI~1\AppData\Local\Temp\npm-6480-fb686012\registry.npmjs.org\x-editable\-\x-editable-1.5.1.tgz
110 error Expected: 2edbb8911ef2c5d61f63f06b0cf020be0fcc5849
110 error Actual:   99eadaf58d4bf17b8acb7900aba6466fee633f93
110 error From:     https://registry.npmjs.org/x-editable/-/x-editable-1.5.1.tgz
111 error If you need help, you may report this error at:
111 error     <https://github.com/npm/npm/issues>
112 verbose exit [ 1, true ]
